[02-Oct-2019 08:35:52 UTC] deb:--------------------------------
[02-Oct-2019 08:35:52 UTC] deb:index.php
[02-Oct-2019 08:35:52 UTC] deb:--------------------------------
[02-Oct-2019 08:35:52 UTC] deb:SESSION情報を表示
[02-Oct-2019 08:35:52 UTC] deb:Array
(
    [login_date] => 1570005302
    [user_id] => 3
    [login_limit] => 3600
)

[02-Oct-2019 08:35:52 UTC] deb:ログイン済みかつ有効期限内ユーザ
[02-Oct-2019 08:35:52 UTC] deb:デバッグフラグ：1
[02-Oct-2019 08:35:52 UTC] deb:クエリ成功。
[02-Oct-2019 08:35:52 UTC] deb:ログインユーザ情報
[02-Oct-2019 08:35:52 UTC] deb:Array
(
    [user_id] => 3
    [name] => admin
    [email] => test@admin
    [avatar] => img/avator/defult1.jpg
    [create_date] => 2019-08-31 11:18:46
)

[02-Oct-2019 08:35:52 UTC] deb:検索値:
[02-Oct-2019 08:35:52 UTC] deb:並び順:0
[02-Oct-2019 08:35:52 UTC] deb:getMes(search) =
[02-Oct-2019 08:35:52 UTC] deb:デバッグフラグ：1
[02-Oct-2019 08:35:52 UTC] deb:SQL
[02-Oct-2019 08:35:52 UTC] deb:SELECT C.user_id as user_id,comment_id,avatar,name,comment,send_date FROM COMMENT AS C LEFT JOIN USERS AS U ON C.user_id = U.user_id WHERE C.delete_flg = 0 ORDER BY send_date DESC
[02-Oct-2019 08:35:52 UTC] deb:クエリ成功。
[02-Oct-2019 08:35:52 UTC] deb:SQLエラーを取得
[02-Oct-2019 08:35:52 UTC] deb:投稿一覧
[02-Oct-2019 08:35:52 UTC] deb:デバッグフラグ：1
[02-Oct-2019 08:35:52 UTC] deb:クエリ成功。
[02-Oct-2019 08:35:52 UTC] deb:デバッグフラグ：1
[02-Oct-2019 08:35:52 UTC] deb:クエリ成功。
[02-Oct-2019 08:35:52 UTC] deb:デバッグフラグ：1
[02-Oct-2019 08:35:52 UTC] deb:クエリ成功。
[02-Oct-2019 08:35:52 UTC] deb:デバッグフラグ：1
[02-Oct-2019 08:35:52 UTC] deb:クエリ成功。
[02-Oct-2019 08:35:52 UTC] deb:デバッグフラグ：1
[02-Oct-2019 08:35:52 UTC] deb:クエリ成功。
[02-Oct-2019 08:35:52 UTC] deb:デバッグフラグ：1
[02-Oct-2019 08:35:52 UTC] deb:クエリ成功。
[02-Oct-2019 08:35:52 UTC] deb:デバッグフラグ：1
[02-Oct-2019 08:35:52 UTC] deb:クエリ成功。
[02-Oct-2019 08:35:52 UTC] deb:デバッグフラグ：1
[02-Oct-2019 08:35:52 UTC] deb:クエリ成功。
[02-Oct-2019 08:35:52 UTC] deb:デバッグフラグ：1
[02-Oct-2019 08:35:52 UTC] deb:クエリ成功。
[02-Oct-2019 08:35:52 UTC] deb:デバッグフラグ：1
[02-Oct-2019 08:35:52 UTC] deb:クエリ成功。
[02-Oct-2019 08:35:52 UTC] deb:デバッグフラグ：1
[02-Oct-2019 08:35:52 UTC] deb:クエリ成功。
[02-Oct-2019 08:35:52 UTC] deb:デバッグフラグ：1
[02-Oct-2019 08:35:52 UTC] deb:クエリ成功。
[02-Oct-2019 08:35:52 UTC] deb:デバッグフラグ：1
[02-Oct-2019 08:35:52 UTC] deb:クエリ成功。
[02-Oct-2019 08:35:52 UTC] deb:デバッグフラグ：1
[02-Oct-2019 08:35:52 UTC] deb:クエリ成功。
[02-Oct-2019 08:35:52 UTC] deb:デバッグフラグ：1
[02-Oct-2019 08:35:52 UTC] deb:クエリ成功。
[02-Oct-2019 08:35:52 UTC] deb:デバッグフラグ：1
[02-Oct-2019 08:35:52 UTC] deb:クエリ成功。
[02-Oct-2019 08:35:52 UTC] deb:デバッグフラグ：1
[02-Oct-2019 08:35:52 UTC] deb:クエリ成功。
[02-Oct-2019 08:35:52 UTC] deb:デバッグフラグ：1
[02-Oct-2019 08:35:52 UTC] deb:クエリ成功。
[02-Oct-2019 08:35:52 UTC] deb:デバッグフラグ：1
[02-Oct-2019 08:35:52 UTC] deb:クエリ成功。
[02-Oct-2019 08:35:52 UTC] deb:デバッグフラグ：1
[02-Oct-2019 08:35:52 UTC] deb:クエリ成功。
[02-Oct-2019 08:35:52 UTC] deb:デバッグフラグ：1
[02-Oct-2019 08:35:52 UTC] deb:クエリ成功。
[02-Oct-2019 08:35:52 UTC] deb:デバッグフラグ：1
[02-Oct-2019 08:35:52 UTC] deb:クエリ成功。
[02-Oct-2019 08:35:52 UTC] deb:デバッグフラグ：1
[02-Oct-2019 08:35:52 UTC] deb:クエリ成功。
[02-Oct-2019 08:35:52 UTC] deb:デバッグフラグ：1
[02-Oct-2019 08:35:52 UTC] deb:クエリ成功。
[02-Oct-2019 08:35:52 UTC] deb:デバッグフラグ：1
[02-Oct-2019 08:35:52 UTC] deb:クエリ成功。
[02-Oct-2019 08:35:52 UTC] deb:デバッグフラグ：1
[02-Oct-2019 08:35:52 UTC] deb:クエリ成功。
[02-Oct-2019 08:35:52 UTC] deb:デバッグフラグ：1
[02-Oct-2019 08:35:52 UTC] deb:クエリ成功。
[02-Oct-2019 08:35:52 UTC] deb:デバッグフラグ：1
[02-Oct-2019 08:35:52 UTC] deb:クエリ成功。
[02-Oct-2019 08:35:52 UTC] deb:デバッグフラグ：1
[02-Oct-2019 08:35:52 UTC] deb:クエリ成功。
[02-Oct-2019 08:35:52 UTC] deb:デバッグフラグ：1
[02-Oct-2019 08:35:52 UTC] deb:クエリ成功。
[02-Oct-2019 08:35:52 UTC] deb:デバッグフラグ：1
[02-Oct-2019 08:35:52 UTC] deb:クエリ成功。
[02-Oct-2019 08:35:52 UTC] deb:デバッグフラグ：1
[02-Oct-2019 08:35:52 UTC] deb:クエリ成功。
[02-Oct-2019 08:35:52 UTC] deb:デバッグフラグ：1
[02-Oct-2019 08:35:52 UTC] deb:クエリ成功。
